{"C:\\Users\\robaa\\Documents\\Modern_Node_Traning\\Solution-for-all-module-exercise\\exercise-for-module-9\\Test\\src\\utils\\auth.ts": {"path":"C:\\Users\\robaa\\Documents\\Modern_Node_Traning\\Solution-for-all-module-exercise\\exercise-for-module-9\\Test\\src\\utils\\auth.ts","statementMap":{"0":{"start":{"line":4,"column":19},"end":{"line":4,"column":null}},"1":{"start":{"line":5,"column":20},"end":{"line":5,"column":null}},"2":{"start":{"line":7,"column":3},"end":{"line":7,"column":null}},"3":{"start":{"line":9,"column":28},"end":{"line":10,"column":null}},"4":{"start":{"line":10,"column":2},"end":{"line":10,"column":null}},"5":{"start":{"line":13,"column":31},"end":{"line":14,"column":null}},"6":{"start":{"line":14,"column":2},"end":{"line":14,"column":null}},"7":{"start":{"line":17,"column":13},"end":{"line":26,"column":null}},"8":{"start":{"line":22,"column":2},"end":{"line":26,"column":null}},"9":{"start":{"line":29,"column":13},"end":{"line":30,"column":null}},"10":{"start":{"line":30,"column":2},"end":{"line":30,"column":null}},"11":{"start":{"line":39,"column":23},"end":{"line":39,"column":null}},"12":{"start":{"line":41,"column":13},"end":{"line":44,"column":null}},"13":{"start":{"line":42,"column":2},"end":{"line":44,"column":null}},"14":{"start":{"line":47,"column":13},"end":{"line":48,"column":null}},"15":{"start":{"line":48,"column":2},"end":{"line":48,"column":null}},"16":{"start":{"line":53,"column":21},"end":{"line":53,"column":null}},"17":{"start":{"line":55,"column":13},"end":{"line":60,"column":null}},"18":{"start":{"line":56,"column":2},"end":{"line":60,"column":null}},"19":{"start":{"line":63,"column":13},"end":{"line":64,"column":null}},"20":{"start":{"line":64,"column":2},"end":{"line":64,"column":null}}},"fnMap":{"0":{"name":"(anonymous_0)","decl":{"start":{"line":9,"column":28},"end":{"line":9,"column":35}},"loc":{"start":{"line":9,"column":56},"end":{"line":10,"column":null}},"line":9},"1":{"name":"(anonymous_1)","decl":{"start":{"line":13,"column":31},"end":{"line":13,"column":38}},"loc":{"start":{"line":13,"column":73},"end":{"line":14,"column":null}},"line":13},"2":{"name":"(anonymous_2)","decl":{"start":{"line":17,"column":13},"end":{"line":17,"column":30}},"loc":{"start":{"line":21,"column":6},"end":{"line":26,"column":null}},"line":21},"3":{"name":"(anonymous_3)","decl":{"start":{"line":29,"column":13},"end":{"line":29,"column":28}},"loc":{"start":{"line":29,"column":46},"end":{"line":30,"column":null}},"line":29},"4":{"name":"(anonymous_4)","decl":{"start":{"line":41,"column":13},"end":{"line":41,"column":37}},"loc":{"start":{"line":41,"column":56},"end":{"line":44,"column":null}},"line":41},"5":{"name":"(anonymous_5)","decl":{"start":{"line":47,"column":13},"end":{"line":47,"column":35}},"loc":{"start":{"line":47,"column":53},"end":{"line":48,"column":null}},"line":47},"6":{"name":"(anonymous_6)","decl":{"start":{"line":55,"column":13},"end":{"line":55,"column":35}},"loc":{"start":{"line":55,"column":54},"end":{"line":60,"column":null}},"line":55},"7":{"name":"(anonymous_7)","decl":{"start":{"line":63,"column":13},"end":{"line":63,"column":33}},"loc":{"start":{"line":63,"column":51},"end":{"line":64,"column":null}},"line":63}},"branchMap":{"0":{"loc":{"start":{"line":7,"column":3},"end":{"line":7,"column":null}},"type":"binary-expr","locations":[{"start":{"line":7,"column":3},"end":{"line":7,"column":66}},{"start":{"line":7,"column":66},"end":{"line":7,"column":null}}],"line":7},"1":{"loc":{"start":{"line":39,"column":23},"end":{"line":39,"column":null}},"type":"binary-expr","locations":[{"start":{"line":39,"column":23},"end":{"line":39,"column":53}},{"start":{"line":39,"column":53},"end":{"line":39,"column":null}}],"line":39},"2":{"loc":{"start":{"line":53,"column":21},"end":{"line":53,"column":null}},"type":"binary-expr","locations":[{"start":{"line":53,"column":21},"end":{"line":53,"column":49}},{"start":{"line":53,"column":49},"end":{"line":53,"column":null}}],"line":53}},"s":{"0":1,"1":1,"2":1,"3":1,"4":2,"5":1,"6":2,"7":1,"8":0,"9":1,"10":0,"11":1,"12":1,"13":0,"14":1,"15":0,"16":1,"17":1,"18":0,"19":1,"20":0},"f":{"0":2,"1":2,"2":0,"3":0,"4":0,"5":0,"6":0,"7":0},"b":{"0":[1,1],"1":[1,1],"2":[1,1]},"meta":{"lastBranch":3,"lastFunction":8,"lastStatement":21,"seen":{"s:4:19:4:Infinity":0,"s:5:20:5:Infinity":1,"s:7:3:7:Infinity":2,"b:7:3:7:66:7:66:7:Infinity":0,"s:9:28:10:Infinity":3,"f:9:28:9:35":0,"s:10:2:10:Infinity":4,"s:13:31:14:Infinity":5,"f:13:31:13:38":1,"s:14:2:14:Infinity":6,"s:17:13:26:Infinity":7,"f:17:13:17:30":2,"s:22:2:26:Infinity":8,"s:29:13:30:Infinity":9,"f:29:13:29:28":3,"s:30:2:30:Infinity":10,"s:39:23:39:Infinity":11,"b:39:23:39:53:39:53:39:Infinity":1,"s:41:13:44:Infinity":12,"f:41:13:41:37":4,"s:42:2:44:Infinity":13,"s:47:13:48:Infinity":14,"f:47:13:47:35":5,"s:48:2:48:Infinity":15,"s:53:21:53:Infinity":16,"b:53:21:53:49:53:49:53:Infinity":2,"s:55:13:60:Infinity":17,"f:55:13:55:35":6,"s:56:2:60:Infinity":18,"s:63:13:64:Infinity":19,"f:63:13:63:33":7,"s:64:2:64:Infinity":20}}}
}
