{"C:\\Users\\robaa\\OneDrive\\Documents\\Modern_Node_Traning\\module9\\express-test-lab\\src\\app.ts": {"path":"C:\\Users\\robaa\\OneDrive\\Documents\\Modern_Node_Traning\\module9\\express-test-lab\\src\\app.ts","statementMap":{"0":{"start":{"line":6,"column":6},"end":{"line":6,"column":21}},"1":{"start":{"line":7,"column":0},"end":{"line":7,"column":null}},"2":{"start":{"line":9,"column":0},"end":{"line":9,"column":null}}},"fnMap":{},"branchMap":{},"s":{"0":1,"1":1,"2":1},"f":{},"b":{},"meta":{"lastBranch":0,"lastFunction":0,"lastStatement":3,"seen":{"s:6:6:6:21":0,"s:7:0:7:Infinity":1,"s:9:0:9:Infinity":2}}}
,"C:\\Users\\robaa\\OneDrive\\Documents\\Modern_Node_Traning\\module9\\express-test-lab\\src\\route\\user.route.ts": {"path":"C:\\Users\\robaa\\OneDrive\\Documents\\Modern_Node_Traning\\module9\\express-test-lab\\src\\route\\user.route.ts","statementMap":{"0":{"start":{"line":3,"column":6},"end":{"line":3,"column":23}},"1":{"start":{"line":5,"column":0},"end":{"line":7,"column":null}},"2":{"start":{"line":6,"column":2},"end":{"line":6,"column":null}},"3":{"start":{"line":9,"column":0},"end":{"line":17,"column":null}},"4":{"start":{"line":10,"column":19},"end":{"line":10,"column":null}},"5":{"start":{"line":12,"column":2},"end":{"line":13,"column":null}},"6":{"start":{"line":13,"column":4},"end":{"line":13,"column":null}},"7":{"start":{"line":16,"column":2},"end":{"line":16,"column":null}}},"fnMap":{"0":{"name":"(anonymous_0)","decl":{"start":{"line":5,"column":11},"end":{"line":5,"column":17}},"loc":{"start":{"line":5,"column":30},"end":{"line":7,"column":null}},"line":5},"1":{"name":"(anonymous_1)","decl":{"start":{"line":9,"column":12},"end":{"line":9,"column":18}},"loc":{"start":{"line":9,"column":31},"end":{"line":17,"column":null}},"line":9}},"branchMap":{"0":{"loc":{"start":{"line":12,"column":2},"end":{"line":13,"column":null}},"type":"if","locations":[{"start":{"line":12,"column":2},"end":{"line":13,"column":null}},{"start":{},"end":{}}],"line":12}},"s":{"0":1,"1":1,"2":1,"3":1,"4":2,"5":2,"6":1,"7":1},"f":{"0":1,"1":2},"b":{"0":[1,1]},"meta":{"lastBranch":1,"lastFunction":2,"lastStatement":8,"seen":{"s:3:6:3:23":0,"s:5:0:7:Infinity":1,"f:5:11:5:17":0,"s:6:2:6:Infinity":2,"s:9:0:17:Infinity":3,"f:9:12:9:18":1,"s:10:19:10:Infinity":4,"b:12:2:13:Infinity:undefined:undefined:undefined:undefined":0,"s:12:2:13:Infinity":5,"s:13:4:13:Infinity":6,"s:16:2:16:Infinity":7}}}
,"C:\\Users\\robaa\\OneDrive\\Documents\\Modern_Node_Traning\\module9\\express-test-lab\\src\\utils\\sum.ts": {"path":"C:\\Users\\robaa\\OneDrive\\Documents\\Modern_Node_Traning\\module9\\express-test-lab\\src\\utils\\sum.ts","statementMap":{"0":{"start":{"line":1,"column":13},"end":{"line":1,"column":null}},"1":{"start":{"line":1,"column":45},"end":{"line":1,"column":null}},"2":{"start":{"line":2,"column":13},"end":{"line":2,"column":null}},"3":{"start":{"line":2,"column":45},"end":{"line":2,"column":null}},"4":{"start":{"line":3,"column":13},"end":{"line":3,"column":null}},"5":{"start":{"line":3,"column":45},"end":{"line":3,"column":null}}},"fnMap":{"0":{"name":"(anonymous_0)","decl":{"start":{"line":1,"column":13},"end":{"line":1,"column":20}},"loc":{"start":{"line":1,"column":45},"end":{"line":1,"column":null}},"line":1},"1":{"name":"(anonymous_1)","decl":{"start":{"line":2,"column":13},"end":{"line":2,"column":20}},"loc":{"start":{"line":2,"column":45},"end":{"line":2,"column":null}},"line":2},"2":{"name":"(anonymous_2)","decl":{"start":{"line":3,"column":13},"end":{"line":3,"column":20}},"loc":{"start":{"line":3,"column":45},"end":{"line":3,"column":null}},"line":3}},"branchMap":{},"s":{"0":1,"1":2,"2":1,"3":0,"4":1,"5":0},"f":{"0":2,"1":0,"2":0},"b":{},"meta":{"lastBranch":0,"lastFunction":3,"lastStatement":6,"seen":{"s:1:13:1:Infinity":0,"f:1:13:1:20":0,"s:1:45:1:Infinity":1,"s:2:13:2:Infinity":2,"f:2:13:2:20":1,"s:2:45:2:Infinity":3,"s:3:13:3:Infinity":4,"f:3:13:3:20":2,"s:3:45:3:Infinity":5}}}
}
